Build started 19.05.2020 18:39:27.
     1>Project "C:\Users\SuperUser\Documents\Visual Studio 2010\Projects\diplom\cudalaba3\cudalaba3.vcxproj" on node 2 (build target(s)).
     1>InitializeBuildStatus:
         Creating "Debug\cudalaba3.unsuccessfulbuild" because "AlwaysCreate" was specified.
       ClCompile:
         c:\Program Files (x86)\Microsoft Visual Studio 10.0\VC\bin\CL.exe /c /ZI /nologo /W3 /WX- /Od /Oy- /D WIN32 /D _DEBUG /D _CONSOLE /D _UNICODE /D UNICODE /Gm /EHsc /RTC1 /MDd /GS /fp:precise /Zc:wchar_t /Zc:forScope /openmp /Fo"Debug\\" /Fd"Debug\vc100.pdb" /Gd /TP /analyze- /errorReport:prompt main.cpp
         main.cpp
       ManifestResourceCompile:
         All outputs are up-to-date.
       Link:
         c:\Program Files (x86)\Microsoft Visual Studio 10.0\VC\bin\link.exe /ERRORREPORT:PROMPT /OUT:"C:\Users\SuperUser\Documents\Visual Studio 2010\Projects\diplom\Debug\cudalaba3.exe" /INCREMENTAL /NOLOGO kernel32.lib user32.lib gdi32.lib winspool.lib comdlg32.lib advapi32.lib shell32.lib ole32.lib oleaut32.lib uuid.lib odbc32.lib odbccp32.lib /MANIFEST /ManifestFile:"Debug\cudalaba3.exe.intermediate.manifest" /MANIFESTUAC:"level='asInvoker' uiAccess='false'" /DEBUG /PDB:"C:\Users\SuperUser\Documents\Visual Studio 2010\Projects\diplom\Debug\cudalaba3.pdb" /SUBSYSTEM:CONSOLE /TLBID:1 /DYNAMICBASE /NXCOMPAT /IMPLIB:"C:\Users\SuperUser\Documents\Visual Studio 2010\Projects\diplom\Debug\cudalaba3.lib" /MACHINE:X86 Debug\cudalaba3.exe.embed.manifest.res
         Debug\calc.obj
         Debug\main.obj
         Debug\runge_kutta.obj
       Manifest:
         C:\Program Files (x86)\Microsoft SDKs\Windows\v7.0A\bin\mt.exe /nologo /verbose /out:"Debug\cudalaba3.exe.embed.manifest" /manifest Debug\cudalaba3.exe.intermediate.manifest
         All outputs are up-to-date.
       LinkEmbedManifest:
         All outputs are up-to-date.
         cudalaba3.vcxproj -> C:\Users\SuperUser\Documents\Visual Studio 2010\Projects\diplom\Debug\cudalaba3.exe
       FinalizeBuildStatus:
         Deleting file "Debug\cudalaba3.unsuccessfulbuild".
         Touching "Debug\cudalaba3.lastbuildstate".
     1>Done Building Project "C:\Users\SuperUser\Documents\Visual Studio 2010\Projects\diplom\cudalaba3\cudalaba3.vcxproj" (build target(s)).

Build succeeded.

Time Elapsed 00:00:13.18
