Build started 22.08.2021 1:08:55.
     1>Project "C:\Users\SuperUser\Documents\Visual Studio 2010\Projects\Diplom_mag\Diplom_mag\Diplom_mag.vcxproj" on node 2 (build target(s)).
     1>InitializeBuildStatus:
         Creating "Debug\Diplom_mag.unsuccessfulbuild" because "AlwaysCreate" was specified.
       ClCompile:
         c:\Program Files (x86)\Microsoft Visual Studio 10.0\VC\bin\CL.exe /c /ZI /nologo /W3 /WX- /Od /Oy- /D WIN32 /D _DEBUG /D _CONSOLE /D _CRT_SECURE_NO_WARNINGS /D _UNICODE /D UNICODE /Gm /EHsc /RTC1 /MDd /GS /fp:precise /Zc:wchar_t /Zc:forScope /Fo"Debug\\" /Fd"Debug\vc100.pdb" /Gd /TP /analyze- /errorReport:prompt calc.cpp
         calc.cpp
     1>c:\users\superuser\documents\visual studio 2010\projects\diplom_mag\diplom_mag\calc.cpp(6): warning C4018: '<' : signed/unsigned mismatch
     1>c:\users\superuser\documents\visual studio 2010\projects\diplom_mag\diplom_mag\calc.cpp(52): warning C4018: '<' : signed/unsigned mismatch
       ManifestResourceCompile:
         All outputs are up-to-date.
       Link:
         c:\Program Files (x86)\Microsoft Visual Studio 10.0\VC\bin\link.exe /ERRORREPORT:PROMPT /OUT:"C:\Users\SuperUser\Documents\Visual Studio 2010\Projects\Diplom_mag\Debug\Diplom_mag.exe" /INCREMENTAL /NOLOGO kernel32.lib user32.lib gdi32.lib winspool.lib comdlg32.lib advapi32.lib shell32.lib ole32.lib oleaut32.lib uuid.lib odbc32.lib odbccp32.lib /MANIFEST /ManifestFile:"Debug\Diplom_mag.exe.intermediate.manifest" /MANIFESTUAC:"level='asInvoker' uiAccess='false'" /DEBUG /PDB:"C:\Users\SuperUser\Documents\Visual Studio 2010\Projects\Diplom_mag\Debug\Diplom_mag.pdb" /SUBSYSTEM:CONSOLE /TLBID:1 /DYNAMICBASE /NXCOMPAT /IMPLIB:"C:\Users\SuperUser\Documents\Visual Studio 2010\Projects\Diplom_mag\Debug\Diplom_mag.lib" /MACHINE:X86 Debug\Diplom_mag.exe.embed.manifest.res
         Debug\calc.obj
         Debug\main.obj
         Debug\runge_kutta.obj
       Manifest:
         C:\Program Files (x86)\Microsoft SDKs\Windows\v7.0A\bin\mt.exe /nologo /verbose /out:"Debug\Diplom_mag.exe.embed.manifest" /manifest Debug\Diplom_mag.exe.intermediate.manifest
         All outputs are up-to-date.
       LinkEmbedManifest:
         All outputs are up-to-date.
         Diplom_mag.vcxproj -> C:\Users\SuperUser\Documents\Visual Studio 2010\Projects\Diplom_mag\Debug\Diplom_mag.exe
       FinalizeBuildStatus:
         Deleting file "Debug\Diplom_mag.unsuccessfulbuild".
         Touching "Debug\Diplom_mag.lastbuildstate".
     1>Done Building Project "C:\Users\SuperUser\Documents\Visual Studio 2010\Projects\Diplom_mag\Diplom_mag\Diplom_mag.vcxproj" (build target(s)).

Build succeeded.

Time Elapsed 00:00:05.57
