This is pdfTeX, Version 3.141592653-2.6-1.40.23 (MiKTeX 21.8) (preloaded format=pdflatex 2021.9.3)  28 NOV 2021 01:13
entering extended mode
**"D:/obschaia/–ü–µ—Ä–µ–¥–µ–ª–∞–Ω–Ω–∞—è —Å—Ç–∞—Ç—å—è –Ω–∞ –∞–Ω–≥–ª–∏–π—Å–∫–∏–π/
1 –∏—Ç–µ—Ä–∞—Ü–∏—è/–ú–∞—Å–ª–µ–Ω–∏–∫–æ–≤ _ –û–ø—Ç–æ—ç–ª–µ–∫—Ç—Ä–æ–Ω–∏–∫–∞ _ –õ–æ
–∫–∞–ª—å–Ω–∞—è –¥–∏–Ω–∞–º–∏–∫–∞ —É—Ä–∞–≤–Ω–µ–Ω–∏—è –≤—Ç–æ—Ä–æ–≥–æ –ø–æ—Ä—è–¥–∫–
∞ —Å –∑–∞–ø–∞–∑–¥—ã–≤–∞–Ω–∏–µ–º –≤ –ø—Ä–æ–∏–∑–≤–æ–¥–Ω–æ–π.tex"

(D:/obschaia/–ü–µ—Ä–µ–¥–µ–ª–∞–Ω–Ω–∞—è —Å—Ç–∞—Ç—å—è –Ω–∞ –∞–Ω–≥–ª–∏–π—Å–∫–∏–π/1 
–∏—Ç–µ—Ä–∞—Ü–∏—è/–ú–∞—Å–ª–µ–Ω–∏–∫–æ–≤ _ –û–ø—Ç–æ—ç–ª–µ–∫—Ç—Ä–æ–Ω–∏–∫–∞ _ –õ–æ–∫
–∞–ª—å–Ω–∞—è –¥–∏–Ω–∞–º–∏–∫–∞ —É—Ä–∞–≤–Ω–µ–Ω–∏—è –≤—Ç–æ—Ä–æ–≥–æ –ø–æ—Ä—è–¥–∫–∞ 
—Å –∑–∞–ø–∞–∑–¥—ã–≤–∞–Ω–∏–µ–º –≤ –ø—Ä–æ–∏–∑–≤–æ–¥–Ω–æ–π.tex
LaTeX2e <2021-06-01> patch level 1
L3 programming layer <2021-08-27>
(C:\Users\User\AppData\Local\Programs\MiKTeX\tex/latex/base\article.cls
Document Class: article 2021/02/12 v1.4n Standard LaTeX document class
(C:\Users\User\AppData\Local\Programs\MiKTeX\tex/latex/base\size12.clo
File: size12.clo 2021/02/12 v1.4n Standard LaTeX file (size option)
)
\c@part=\count182
\c@section=\count183
\c@subsection=\count184
\c@subsubsection=\count185
\c@paragraph=\count186
\c@subparagraph=\count187
\c@figure=\count188
\c@table=\count189
\abovecaptionskip=\skip47
\belowcaptionskip=\skip48
\bibindent=\dimen138
)
(C:\Users\User\AppData\Local\Programs\MiKTeX\tex/latex/base\inputenc.sty
Package: inputenc 2021/02/14 v1.3d Input encoding file
\inpenc@prehook=\toks16
\inpenc@posthook=\toks17
)
(C:\Users\User\AppData\Local\Programs\MiKTeX\tex/generic/babel\babel.sty
Package: babel 2021/07/22 3.63 The Babel package

(C:\Users\User\AppData\Local\Programs\MiKTeX\tex/generic/babel\babel.def
File: babel.def 2021/07/22 3.63 Babel common definitions
\babel@savecnt=\count190
\U@D=\dimen139
\l@unhyphenated=\language79

(C:\Users\User\AppData\Local\Programs\MiKTeX\tex/generic/babel\txtbabel.def)
\bbl@readstream=\read2
)
\bbl@dirlevel=\count191

*************************************
* Local config file bblopts.cfg used
*
(C:\Users\User\AppData\Local\Programs\MiKTeX\tex/latex/arabi\bblopts.cfg
File: bblopts.cfg 2005/09/08 v0.1 add Arabic and Farsi to "declared" options of
 babel
)
(C:\Users\User\AppData\Local\Programs\MiKTeX\tex/latex/babel-english\english.ld
f
Language: english 2017/06/06 v3.3r English support from the babel system
Package babel Info: Hyphen rules for 'canadian' set to \l@english
(babel)             (\language0). Reported on input line 102.
Package babel Info: Hyphen rules for 'australian' set to \l@ukenglish
(babel)             (\language73). Reported on input line 105.
Package babel Info: Hyphen rules for 'newzealand' set to \l@ukenglish
(babel)             (\language73). Reported on input line 108.
)
(C:\Users\User\AppData\Local\Programs\MiKTeX\tex/latex/babel-russian\russianb.l
df
File: russianb.ldf 2021/01/10 1.3m Russian support for the Babel system
Language: russian 2020/09/09 1.3k Russian support for the Babel system


Package babel Warning: No Cyrillic font encoding has been loaded so far.
(babel)                A font encoding should be declared before babel.
(babel)                Default `T2A' encoding will be loaded  on input line 78.


(C:\Users\User\AppData\Local\Programs\MiKTeX\tex/latex/cyrillic\t2aenc.def
File: t2aenc.def 2005/09/27 v1.0i Cyrillic encoding definition file
Now handling font encoding T2A ...
... processing UTF-8 mapping file for font encoding T2A

(C:\Users\User\AppData\Local\Programs\MiKTeX\tex/latex/base\t2aenc.dfu
File: t2aenc.dfu 2021/01/27 v1.2l UTF-8 support for inputenc
   defining Unicode char U+00A4 (decimal 164)
   defining Unicode char U+00A7 (decimal 167)
   defining Unicode char U+00AB (decimal 171)
   defining Unicode char U+00BB (decimal 187)
   defining Unicode char U+0131 (decimal 305)
   defining Unicode char U+0237 (decimal 567)
   defining Unicode char U+0400 (decimal 1024)
   defining Unicode char U+0401 (decimal 1025)
   defining Unicode char U+0402 (decimal 1026)
   defining Unicode char U+0403 (decimal 1027)
   defining Unicode char U+0404 (decimal 1028)
   defining Unicode char U+0405 (decimal 1029)
   defining Unicode char U+0406 (decimal 1030)
   defining Unicode char U+0407 (decimal 1031)
   defining Unicode char U+0408 (decimal 1032)
   defining Unicode char U+0409 (decimal 1033)
   defining Unicode char U+040A (decimal 1034)
   defining Unicode char U+040B (decimal 1035)
   defining Unicode char U+040C (decimal 1036)
   defining Unicode char U+040D (decimal 1037)
   defining Unicode char U+040E (decimal 1038)
   defining Unicode char U+040F (decimal 1039)
   defining Unicode char U+0410 (decimal 1040)
   defining Unicode char U+0411 (decimal 1041)
   defining Unicode char U+0412 (decimal 1042)
   defining Unicode char U+0413 (decimal 1043)
   defining Unicode char U+0414 (decimal 1044)
   defining Unicode char U+0415 (decimal 1045)
   defining Unicode char U+0416 (decimal 1046)
   defining Unicode char U+0417 (decimal 1047)
   defining Unicode char U+0418 (decimal 1048)
   defining Unicode char U+0419 (decimal 1049)
   defining Unicode char U+041A (decimal 1050)
   defining Unicode char U+041B (decimal 1051)
   defining Unicode char U+041C (decimal 1052)
   defining Unicode char U+041D (decimal 1053)
   defining Unicode char U+041E (decimal 1054)
   defining Unicode char U+041F (decimal 1055)
   defining Unicode char U+0420 (decimal 1056)
   defining Unicode char U+0421 (decimal 1057)
   defining Unicode char U+0422 (decimal 1058)
   defining Unicode char U+0423 (decimal 1059)
   defining Unicode char U+0424 (decimal 1060)
   defining Unicode char U+0425 (decimal 1061)
   defining Unicode char U+0426 (decimal 1062)
   defining Unicode char U+0427 (decimal 1063)
   defining Unicode char U+0428 (decimal 1064)
   defining Unicode char U+0429 (decimal 1065)
   defining Unicode char U+042A (decimal 1066)
   defining Unicode char U+042B (decimal 1067)
   defining Unicode char U+042C (decimal 1068)
   defining Unicode char U+042D (decimal 1069)
   defining Unicode char U+042E (decimal 1070)
   defining Unicode char U+042F (decimal 1071)
   defining Unicode char U+0430 (decimal 1072)
   defining Unicode char U+0431 (decimal 1073)
   defining Unicode char U+0432 (decimal 1074)
   defining Unicode char U+0433 (decimal 1075)
   defining Unicode char U+0434 (decimal 1076)
   defining Unicode char U+0435 (decimal 1077)
   defining Unicode char U+0436 (decimal 1078)
   defining Unicode char U+0437 (decimal 1079)
   defining Unicode char U+0438 (decimal 1080)
   defining Unicode char U+0439 (decimal 1081)
   defining Unicode char U+043A (decimal 1082)
   defining Unicode char U+043B (decimal 1083)
   defining Unicode char U+043C (decimal 1084)
   defining Unicode char U+043D (decimal 1085)
   defining Unicode char U+043E (decimal 1086)
   defining Unicode char U+043F (decimal 1087)
   defining Unicode char U+0440 (decimal 1088)
   defining Unicode char U+0441 (decimal 1089)
   defining Unicode char U+0442 (decimal 1090)
   defining Unicode char U+0443 (decimal 1091)
   defining Unicode char U+0444 (decimal 1092)
   defining Unicode char U+0445 (decimal 1093)
   defining Unicode char U+0446 (decimal 1094)
   defining Unicode char U+0447 (decimal 1095)
   defining Unicode char U+0448 (decimal 1096)
   defining Unicode char U+0449 (decimal 1097)
   defining Unicode char U+044A (decimal 1098)
   defining Unicode char U+044B (decimal 1099)
   defining Unicode char U+044C (decimal 1100)
   defining Unicode char U+044D (decimal 1101)
   defining Unicode char U+044E (decimal 1102)
   defining Unicode char U+044F (decimal 1103)
   defining Unicode char U+0450 (decimal 1104)
   defining Unicode char U+0451 (decimal 1105)
   defining Unicode char U+0452 (decimal 1106)
   defining Unicode char U+0453 (decimal 1107)
   defining Unicode char U+0454 (decimal 1108)
   defining Unicode char U+0455 (decimal 1109)
   defining Unicode char U+0456 (decimal 1110)
   defining Unicode char U+0457 (decimal 1111)
   defining Unicode char U+0458 (decimal 1112)
   defining Unicode char U+0459 (decimal 1113)
   defining Unicode char U+045A (decimal 1114)
   defining Unicode char U+045B (decimal 1115)
   defining Unicode char U+045C (decimal 1116)
   defining Unicode char U+045D (decimal 1117)
   defining Unicode char U+045E (decimal 1118)
   defining Unicode char U+045F (decimal 1119)
   defining Unicode char U+0490 (decimal 1168)
   defining Unicode char U+0491 (decimal 1169)
   defining Unicode char U+0492 (decimal 1170)
   defining Unicode char U+0493 (decimal 1171)
   defining Unicode char U+0496 (decimal 1174)
   defining Unicode char U+0497 (decimal 1175)
   defining Unicode char U+0498 (decimal 1176)
   defining Unicode char U+0499 (decimal 1177)
   defining Unicode char U+049A (decimal 1178)
   defining Unicode char U+049B (decimal 1179)
   defining Unicode char U+049C (decimal 1180)
   defining Unicode char U+049D (decimal 1181)
   defining Unicode char U+04A0 (decimal 1184)
   defining Unicode char U+04A1 (decimal 1185)
   defining Unicode char U+04A2 (decimal 1186)
   defining Unicode char U+04A3 (decimal 1187)
   defining Unicode char U+04A4 (decimal 1188)
   defining Unicode char U+04A5 (decimal 1189)
   defining Unicode char U+04AA (decimal 1194)
   defining Unicode char U+04AB (decimal 1195)
   defining Unicode char U+04AE (decimal 1198)
   defining Unicode char U+04AF (decimal 1199)
   defining Unicode char U+04B0 (decimal 1200)
   defining Unicode char U+04B1 (decimal 1201)
   defining Unicode char U+04B2 (decimal 1202)
   defining Unicode char U+04B3 (decimal 1203)
   defining Unicode char U+04B6 (decimal 1206)
   defining Unicode char U+04B7 (decimal 1207)
   defining Unicode char U+04B8 (decimal 1208)
   defining Unicode char U+04B9 (decimal 1209)
   defining Unicode char U+04BA (decimal 1210)
   defining Unicode char U+04BB (decimal 1211)
   defining Unicode char U+04C0 (decimal 1216)
   defining Unicode char U+04C1 (decimal 1217)
   defining Unicode char U+04C2 (decimal 1218)
   defining Unicode char U+04D0 (decimal 1232)
   defining Unicode char U+04D1 (decimal 1233)
   defining Unicode char U+04D2 (decimal 1234)
   defining Unicode char U+04D3 (decimal 1235)
   defining Unicode char U+04D4 (decimal 1236)
   defining Unicode char U+04D5 (decimal 1237)
   defining Unicode char U+04D6 (decimal 1238)
   defining Unicode char U+04D7 (decimal 1239)
   defining Unicode char U+04D8 (decimal 1240)
   defining Unicode char U+04D9 (decimal 1241)
   defining Unicode char U+04DA (decimal 1242)
   defining Unicode char U+04DB (decimal 1243)
   defining Unicode char U+04DC (decimal 1244)
   defining Unicode char U+04DD (decimal 1245)
   defining Unicode char U+04DE (decimal 1246)
   defining Unicode char U+04DF (decimal 1247)
   defining Unicode char U+04E2 (decimal 1250)
   defining Unicode char U+04E3 (decimal 1251)
   defining Unicode char U+04E4 (decimal 1252)
   defining Unicode char U+04E5 (decimal 1253)
   defining Unicode char U+04E6 (decimal 1254)
   defining Unicode char U+04E7 (decimal 1255)
   defining Unicode char U+04E8 (decimal 1256)
   defining Unicode char U+04E9 (decimal 1257)
   defining Unicode char U+04EC (decimal 1260)
   defining Unicode char U+04ED (decimal 1261)
   defining Unicode char U+04EE (decimal 1262)
   defining Unicode char U+04EF (decimal 1263)
   defining Unicode char U+04F0 (decimal 1264)
   defining Unicode char U+04F1 (decimal 1265)
   defining Unicode char U+04F2 (decimal 1266)
   defining Unicode char U+04F3 (decimal 1267)
   defining Unicode char U+04F4 (decimal 1268)
   defining Unicode char U+04F5 (decimal 1269)
   defining Unicode char U+04F8 (decimal 1272)
   defining Unicode char U+04F9 (decimal 1273)
   defining Unicode char U+200C (decimal 8204)
   defining Unicode char U+2013 (decimal 8211)
   defining Unicode char U+2014 (decimal 8212)
   defining Unicode char U+2018 (decimal 8216)
   defining Unicode char U+2019 (decimal 8217)
   defining Unicode char U+201C (decimal 8220)
   defining Unicode char U+201D (decimal 8221)
   defining Unicode char U+201E (decimal 8222)
   defining Unicode char U+2030 (decimal 8240)
   defining Unicode char U+2031 (decimal 8241)
   defining Unicode char U+2116 (decimal 8470)
   defining Unicode char U+2329 (decimal 9001)
   defining Unicode char U+232A (decimal 9002)
   defining Unicode char U+2423 (decimal 9251)
   defining Unicode char U+27E8 (decimal 10216)
   defining Unicode char U+27E9 (decimal 10217)
   defining Unicode char U+FB00 (decimal 64256)
   defining Unicode char U+FB01 (decimal 64257)
   defining Unicode char U+FB02 (decimal 64258)
   defining Unicode char U+FB03 (decimal 64259)
   defining Unicode char U+FB04 (decimal 64260)
   defining Unicode char U+FB05 (decimal 64261)
   defining Unicode char U+FB06 (decimal 64262)
))
Package babel Info: Making " an active character on input line 124.
Package babel Info: Default for \cyrdash is provided on input line 163.
))
(C:\Users\User\AppData\Local\Programs\MiKTeX\tex/latex/base\fontenc.sty
Package: fontenc 2021/04/29 v2.0v Standard LaTeX package
)
(C:\Users\User\AppData\Local\Programs\MiKTeX\tex/latex/amsmath\amsmath.sty
Package: amsmath 2021/04/20 v2.17j AMS math features
\@mathmargin=\skip49

For additional information on amsmath, use the `?' option.
(C:\Users\User\AppData\Local\Programs\MiKTeX\tex/latex/amsmath\amstext.sty
Package: amstext 2000/06/29 v2.01 AMS text

(C:\Users\User\AppData\Local\Programs\MiKTeX\tex/latex/amsmath\amsgen.sty
File: amsgen.sty 1999/11/30 v2.0 generic functions
\@emptytoks=\toks18
\ex@=\dimen140
))
(C:\Users\User\AppData\Local\Programs\MiKTeX\tex/latex/amsmath\amsbsy.sty
Package: amsbsy 1999/11/29 v1.2d Bold Symbols
\pmbraise@=\dimen141
)
(C:\Users\User\AppData\Local\Programs\MiKTeX\tex/latex/amsmath\amsopn.sty
Package: amsopn 2016/03/08 v2.02 operator names
)
\inf@bad=\count192
LaTeX Info: Redefining \frac on input line 234.
\uproot@=\count193
\leftroot@=\count194
LaTeX Info: Redefining \overline on input line 399.
\classnum@=\count195
\DOTSCASE@=\count196
LaTeX Info: Redefining \ldots on input line 496.
LaTeX Info: Redefining \dots on input line 499.
LaTeX Info: Redefining \cdots on input line 620.
\Mathstrutbox@=\box50
\strutbox@=\box51
\big@size=\dimen142
LaTeX Font Info:    Redeclaring font encoding OML on input line 743.
LaTeX Font Info:    Redeclaring font encoding OMS on input line 744.
\macc@depth=\count197
\c@MaxMatrixCols=\count198
\dotsspace@=\muskip16
\c@parentequation=\count199
\dspbrk@lvl=\count266
\tag@help=\toks19
\row@=\count267
\column@=\count268
\maxfields@=\count269
\andhelp@=\toks20
\eqnshift@=\dimen143
\alignsep@=\dimen144
\tagshift@=\dimen145
\tagwidth@=\dimen146
\totwidth@=\dimen147
\lineht@=\dimen148
\@envbody=\toks21
\multlinegap=\skip50
\multlinetaggap=\skip51
\mathdisplay@stack=\toks22
LaTeX Info: Redefining \[ on input line 2923.
LaTeX Info: Redefining \] on input line 2924.
)
(C:\Users\User\AppData\Local\Programs\MiKTeX\tex/latex/amsfonts\amsfonts.sty
Package: amsfonts 2013/01/14 v3.01 Basic AMSFonts support
\symAMSa=\mathgroup4
\symAMSb=\mathgroup5
LaTeX Font Info:    Redeclaring math symbol \hbar on input line 98.
LaTeX Font Info:    Overwriting math alphabet `\mathfrak' in version `bold'
(Font)                  U/euf/m/n --> U/euf/b/n on input line 106.
)
(C:\Users\User\AppData\Local\Programs\MiKTeX\tex/latex/amsfonts\amssymb.sty
Package: amssymb 2013/01/14 v3.01 AMS font symbols
)
(C:\Users\User\AppData\Local\Programs\MiKTeX\tex/latex/graphics\graphicx.sty
Package: graphicx 2020/12/05 v1.2c Enhanced LaTeX Graphics (DPC,SPQR)

(C:\Users\User\AppData\Local\Programs\MiKTeX\tex/latex/graphics\keyval.sty
Package: keyval 2014/10/28 v1.15 key=value parser (DPC)
\KV@toks@=\toks23
)
(C:\Users\User\AppData\Local\Programs\MiKTeX\tex/latex/graphics\graphics.sty
Package: graphics 2021/03/04 v1.4d Standard LaTeX Graphics (DPC,SPQR)

(C:\Users\User\AppData\Local\Programs\MiKTeX\tex/latex/graphics\trig.sty
Package: trig 2016/01/03 v1.10 sin cos tan (DPC)
)
(C:\Users\User\AppData\Local\Programs\MiKTeX\tex/latex/graphics-cfg\graphics.cf
g
File: graphics.cfg 2016/06/04 v1.11 sample graphics configuration
)
Package graphics Info: Driver file: pdftex.def on input line 107.

(C:\Users\User\AppData\Local\Programs\MiKTeX\tex/latex/graphics-def\pdftex.def
File: pdftex.def 2020/10/05 v1.2a Graphics/color driver for pdftex
))
\Gin@req@height=\dimen149
\Gin@req@width=\dimen150
) (C:\Users\User\AppData\Local\Programs\MiKTeX\tex/latex/hyperref\hyperref.sty
Package: hyperref 2021-06-07 v7.00m Hypertext links for LaTeX
(C:\Users\User\AppData\Local\Programs\MiKTeX\tex/generic/ltxcmds\ltxcmds.sty
Package: ltxcmds 2020-05-10 v1.25 LaTeX kernel commands for general use (HO)
)
(C:\Users\User\AppData\Local\Programs\MiKTeX\tex/generic/iftex\iftex.sty
Package: iftex 2020/03/06 v1.0d TeX engine tests
)
(C:\Users\User\AppData\Local\Programs\MiKTeX\tex/generic/pdftexcmds\pdftexcmds.
sty
Package: pdftexcmds 2020-06-27 v0.33 Utility functions of pdfTeX for LuaTeX (HO
)

(C:\Users\User\AppData\Local\Programs\MiKTeX\tex/generic/infwarerr\infwarerr.st
y
Package: infwarerr 2019/12/03 v1.5 Providing info/warning/error messages (HO)
)
Package pdftexcmds Info: \pdf@primitive is available.
Package pdftexcmds Info: \pdf@ifprimitive is available.
Package pdftexcmds Info: \pdfdraftmode found.
)
(C:\Users\User\AppData\Local\Programs\MiKTeX\tex/generic/kvsetkeys\kvsetkeys.st
y
Package: kvsetkeys 2019/12/15 v1.18 Key value parser (HO)
)
(C:\Users\User\AppData\Local\Programs\MiKTeX\tex/generic/kvdefinekeys\kvdefinek
eys.sty
Package: kvdefinekeys 2019-12-19 v1.6 Define keys (HO)
)
(C:\Users\User\AppData\Local\Programs\MiKTeX\tex/generic/pdfescape\pdfescape.st
y
Package: pdfescape 2019/12/09 v1.15 Implements pdfTeX's escape features (HO)
) (C:\Users\User\AppData\Local\Programs\MiKTeX\tex/latex/hycolor\hycolor.sty
Package: hycolor 2020-01-27 v1.10 Color options for hyperref/bookmark (HO)
)
(C:\Users\User\AppData\Local\Programs\MiKTeX\tex/latex/letltxmacro\letltxmacro.
sty
Package: letltxmacro 2019/12/03 v1.6 Let assignment for LaTeX macros (HO)
) (C:\Users\User\AppData\Local\Programs\MiKTeX\tex/latex/auxhook\auxhook.sty
Package: auxhook 2019-12-17 v1.6 Hooks for auxiliary files (HO)
)
(C:\Users\User\AppData\Local\Programs\MiKTeX\tex/latex/kvoptions\kvoptions.sty
Package: kvoptions 2020-10-07 v3.14 Key value format for package options (HO)
)
\@linkdim=\dimen151
\Hy@linkcounter=\count270
\Hy@pagecounter=\count271
(C:\Users\User\AppData\Local\Programs\MiKTeX\tex/latex/hyperref\pd1enc.def
File: pd1enc.def 2021-06-07 v7.00m Hyperref: PDFDocEncoding definition (HO)
Now handling font encoding PD1 ...
... no UTF-8 mapping file for font encoding PD1
)
(C:\Users\User\AppData\Local\Programs\MiKTeX\tex/latex/hyperref\hyperref-langpa
tches.def
File: hyperref-langpatches.def 2021-06-07 v7.00m Hyperref: patches for babel la
nguages
)
(C:\Users\User\AppData\Local\Programs\MiKTeX\tex/generic/intcalc\intcalc.sty
Package: intcalc 2019/12/15 v1.3 Expandable calculations with integers (HO)
)
(C:\Users\User\AppData\Local\Programs\MiKTeX\tex/generic/etexcmds\etexcmds.sty
Package: etexcmds 2019/12/15 v1.7 Avoid name clashes with e-TeX commands (HO)
)
\Hy@SavedSpaceFactor=\count272
(C:\Users\User\AppData\Local\Programs\MiKTeX\tex/latex/hyperref\puenc.def
File: puenc.def 2021-06-07 v7.00m Hyperref: PDF Unicode definition (HO)
Now handling font encoding PU ...
... no UTF-8 mapping file for font encoding PU
)
Package hyperref Info: Option `unicode' set `true' on input line 3167.
Package hyperref Info: Hyper figures OFF on input line 4192.
Package hyperref Info: Link nesting OFF on input line 4197.
Package hyperref Info: Hyper index ON on input line 4200.
Package hyperref Info: Plain pages OFF on input line 4207.
Package hyperref Info: Backreferencing OFF on input line 4212.
Package hyperref Info: Implicit mode ON; LaTeX internals redefined.
Package hyperref Info: Bookmarks ON on input line 4445.
\c@Hy@tempcnt=\count273

(C:\Users\User\AppData\Local\Programs\MiKTeX\tex/latex/url\url.sty
\Urlmuskip=\muskip17
Package: url 2013/09/16  ver 3.4  Verb mode for urls, etc.
)
LaTeX Info: Redefining \url on input line 4804.
\XeTeXLinkMargin=\dimen152

(C:\Users\User\AppData\Local\Programs\MiKTeX\tex/generic/bitset\bitset.sty
Package: bitset 2019/12/09 v1.3 Handle bit-vector datatype (HO)

(C:\Users\User\AppData\Local\Programs\MiKTeX\tex/generic/bigintcalc\bigintcalc.
sty
Package: bigintcalc 2019/12/15 v1.5 Expandable calculations on big integers (HO
)
))
\Fld@menulength=\count274
\Field@Width=\dimen153
\Fld@charsize=\dimen154
Package hyperref Info: Hyper figures OFF on input line 6076.
Package hyperref Info: Link nesting OFF on input line 6081.
Package hyperref Info: Hyper index ON on input line 6084.
Package hyperref Info: backreferencing OFF on input line 6091.
Package hyperref Info: Link coloring OFF on input line 6096.
Package hyperref Info: Link coloring with OCG OFF on input line 6101.
Package hyperref Info: PDF/A mode OFF on input line 6106.
LaTeX Info: Redefining \ref on input line 6146.
LaTeX Info: Redefining \pageref on input line 6150.

(C:\Users\User\AppData\Local\Programs\MiKTeX\tex/latex/base\atbegshi-ltx.sty
Package: atbegshi-ltx 2021/01/10 v1.0c Emulation of the original atbegshi
package with kernel methods
)
\Hy@abspage=\count275
\c@Item=\count276
\c@Hfootnote=\count277
)
Package hyperref Info: Driver (autodetected): hpdftex.

(C:\Users\User\AppData\Local\Programs\MiKTeX\tex/latex/hyperref\hpdftex.def
File: hpdftex.def 2021-06-07 v7.00m Hyperref driver for pdfTeX

(C:\Users\User\AppData\Local\Programs\MiKTeX\tex/latex/base\atveryend-ltx.sty
Package: atveryend-ltx 2020/08/19 v1.0a Emulation of the original atvery packag
e
with kernel methods
)
\Fld@listcount=\count278
\c@bookmark@seq@number=\count279

(C:\Users\User\AppData\Local\Programs\MiKTeX\tex/latex/rerunfilecheck\rerunfile
check.sty
Package: rerunfilecheck 2019/12/05 v1.9 Rerun checks for auxiliary files (HO)

(C:\Users\User\AppData\Local\Programs\MiKTeX\tex/generic/uniquecounter\uniqueco
unter.sty
Package: uniquecounter 2019/12/15 v1.4 Provide unlimited unique counter (HO)
)
Package uniquecounter Info: New unique counter `rerunfilecheck' on input line 2
86.
)
\Hy@SectionHShift=\skip52
)
(C:\Users\User\AppData\Local\Programs\MiKTeX\tex/latex/graphics\color.sty
Package: color 2020/02/24 v1.2b Standard LaTeX Color (DPC)

(C:\Users\User\AppData\Local\Programs\MiKTeX\tex/latex/graphics-cfg\color.cfg
File: color.cfg 2016/01/02 v1.6 sample color configuration
)
Package color Info: Driver file: pdftex.def on input line 149.
) (C:\Users\User\AppData\Local\Programs\MiKTeX\tex/latex/listings\listings.sty
\lst@mode=\count280
\lst@gtempboxa=\box52
\lst@token=\toks24
\lst@length=\count281
\lst@currlwidth=\dimen155
\lst@column=\count282
\lst@pos=\count283
\lst@lostspace=\dimen156
\lst@width=\dimen157
\lst@newlines=\count284
\lst@lineno=\count285
\lst@maxwidth=\dimen158

(C:\Users\User\AppData\Local\Programs\MiKTeX\tex/latex/listings\lstmisc.sty
File: lstmisc.sty 2020/03/24 1.8d (Carsten Heinz)
\c@lstnumber=\count286
\lst@skipnumbers=\count287
\lst@framebox=\box53
)
(C:\Users\User\AppData\Local\Programs\MiKTeX\tex/latex/listings\listings.cfg
File: listings.cfg 2020/03/24 1.8d listings configuration
))
Package: listings 2020/03/24 1.8d (Carsten Heinz)

(C:\Users\User\AppData\Local\Programs\MiKTeX\tex/latex/tools\bm.sty
Package: bm 2021/04/25 v1.2e Bold Symbol Support (DPC/FMi)
\symboldoperators=\mathgroup6
\symboldletters=\mathgroup7
\symboldsymbols=\mathgroup8
Package bm Info: No bold for \OMX/cmex/m/n, using \pmb.
Package bm Info: No bold for \U/msa/m/n, using \pmb.
Package bm Info: No bold for \U/msb/m/n, using \pmb.
LaTeX Font Info:    Redeclaring math alphabet \mathbf on input line 149.
)
(C:\Users\User\AppData\Local\Programs\MiKTeX\tex/latex/caption\caption.sty
Package: caption 2020/10/26 v3.5g Customizing captions (AR)

(C:\Users\User\AppData\Local\Programs\MiKTeX\tex/latex/caption\caption3.sty
Package: caption3 2020/10/21 v2.2e caption3 kernel (AR)
\captionmargin=\dimen159
\captionmargin@=\dimen160
\captionwidth=\dimen161
\caption@tempdima=\dimen162
\caption@indent=\dimen163
\caption@parindent=\dimen164
\caption@hangindent=\dimen165
Package caption Info: Standard document class detected.
)
\c@caption@flags=\count288
\c@continuedfloat=\count289
Package caption Info: hyperref package is loaded.
Package caption Info: listings package is loaded.
)
(C:\Users\User\AppData\Local\Programs\MiKTeX\tex/latex/geometry\geometry.sty
Package: geometry 2020/01/02 v5.9 Page Geometry

(C:\Users\User\AppData\Local\Programs\MiKTeX\tex/generic/iftex\ifvtex.sty
Package: ifvtex 2019/10/25 v1.7 ifvtex legacy package. Use iftex instead.
)
\Gm@cnth=\count290
\Gm@cntv=\count291
\c@Gm@tempcnt=\count292
\Gm@bindingoffset=\dimen166
\Gm@wd@mp=\dimen167
\Gm@odd@mp=\dimen168
\Gm@even@mp=\dimen169
\Gm@layoutwidth=\dimen170
\Gm@layoutheight=\dimen171
\Gm@layouthoffset=\dimen172
\Gm@layoutvoffset=\dimen173
\Gm@dimlist=\toks25

(C:\Users\User\AppData\Local\Programs\MiKTeX\tex/latex/geometry\geometry.cfg))
(C:\Users\User\AppData\Local\Programs\MiKTeX\tex/latex/tools\indentfirst.sty
Package: indentfirst 1995/11/23 v1.03 Indent first paragraph (DPC)
)
(C:\Users\User\AppData\Local\Programs\MiKTeX\tex/latex/setspace\setspace.sty
Package: setspace 2011/12/19 v6.7a set line spacing
)
\c@Def=\count293
\c@Th1=\count294

(C:\Users\User\AppData\Local\Programs\MiKTeX\tex/latex/l3backend\l3backend-pdft
ex.def
File: l3backend-pdftex.def 2021-08-04 L3 backend support: PDF output (pdfTeX)
\l__color_backend_stack_int=\count295
\l__pdf_internal_box=\box54
)
No file "–ú–∞—Å–ª–µ–Ω–∏–∫–æ–≤ _ –û–ø—Ç–æ—ç–ª–µ–∫—Ç—Ä–æ–Ω–∏–∫–∞ _ –õ–æ–∫–∞–ª—å–Ω
–∞—è –¥–∏–Ω–∞–º–∏–∫–∞ —É—Ä–∞–≤–Ω–µ–Ω–∏—è –≤—Ç–æ—Ä–æ–≥–æ –ø–æ—Ä—è–¥–∫–∞ —Å –∑–∞–
ø–∞–∑–¥—ã–≤–∞–Ω–∏–µ–º –≤ –ø—Ä–æ–∏–∑–≤–æ–¥–Ω–æ–π".aux.
\openout1 = `"–ú–∞—Å–ª–µ–Ω–∏–∫–æ–≤ _ –û–ø—Ç–æ—ç–ª–µ–∫—Ç—Ä–æ–Ω–∏–∫–∞ _ –õ–æ–∫–∞–
ª—å–Ω–∞—è –¥–∏–Ω–∞–º–∏–∫–∞ —É—Ä–∞–≤–Ω–µ–Ω–∏—è –≤—Ç–æ—Ä–æ–≥–æ –ø–æ—Ä—è–¥–∫–∞ —Å 
–∑–∞–ø–∞–∑–¥—ã–≤–∞–Ω–∏–µ–º –≤ –ø—Ä–æ–∏–∑–≤–æ–¥–Ω–æ–π.aux"'.

LaTeX Font Info:    Checking defaults for OML/cmm/m/it on input line 32.
LaTeX Font Info:    ... okay on input line 32.
LaTeX Font Info:    Checking defaults for OMS/cmsy/m/n on input line 32.
LaTeX Font Info:    ... okay on input line 32.
LaTeX Font Info:    Checking defaults for OT1/cmr/m/n on input line 32.
LaTeX Font Info:    ... okay on input line 32.
LaTeX Font Info:    Checking defaults for T1/cmr/m/n on input line 32.
LaTeX Font Info:    ... okay on input line 32.
LaTeX Font Info:    Checking defaults for TS1/cmr/m/n on input line 32.
LaTeX Font Info:    ... okay on input line 32.
LaTeX Font Info:    Checking defaults for OMX/cmex/m/n on input line 32.
LaTeX Font Info:    ... okay on input line 32.
LaTeX Font Info:    Checking defaults for U/cmr/m/n on input line 32.
LaTeX Font Info:    ... okay on input line 32.
LaTeX Font Info:    Checking defaults for T2A/cmr/m/n on input line 32.
LaTeX Font Info:    Trying to load font information for T2A+cmr on input line 3
2.
(C:\Users\User\AppData\Local\Programs\MiKTeX\tex/latex/cyrillic\t2acmr.fd
File: t2acmr.fd 2001/08/11 v1.0a Computer Modern Cyrillic font definitions
)
LaTeX Font Info:    ... okay on input line 32.
LaTeX Font Info:    Checking defaults for PD1/pdf/m/n on input line 32.
LaTeX Font Info:    ... okay on input line 32.
LaTeX Font Info:    Checking defaults for PU/pdf/m/n on input line 32.
LaTeX Font Info:    ... okay on input line 32.
LaTeX Info: Redefining \th on input line 32.

(C:\Users\User\AppData\Local\Programs\MiKTeX\tex/context/base/mkii\supp-pdf.mki
i
[Loading MPS to PDF converter (version 2006.09.02).]
\scratchcounter=\count296
\scratchdimen=\dimen174
\scratchbox=\box55
\nofMPsegments=\count297
\nofMParguments=\count298
\everyMPshowfont=\toks26
\MPscratchCnt=\count299
\MPscratchDim=\dimen175
\MPnumerator=\count300
\makeMPintoPDFobject=\count301
\everyMPtoPDFconversion=\toks27
)
(C:\Users\User\AppData\Local\Programs\MiKTeX\tex/latex/epstopdf-pkg\epstopdf-ba
se.sty
Package: epstopdf-base 2020-01-24 v2.11 Base part for package epstopdf
Package epstopdf-base Info: Redefining graphics rule for `.eps' on input line 4
85.

(C:\Users\User\AppData\Local\Programs\MiKTeX\tex/latex/00miktex\epstopdf-sys.cf
g
File: epstopdf-sys.cfg 2021/03/18 v2.0 Configuration of epstopdf for MiKTeX
))
Package hyperref Info: Link coloring OFF on input line 32.
 (C:\Users\User\AppData\Local\Programs\MiKTeX\tex/latex/hyperref\nameref.sty
Package: nameref 2021-04-02 v2.47 Cross-referencing by name of section
(C:\Users\User\AppData\Local\Programs\MiKTeX\tex/latex/refcount\refcount.sty
Package: refcount 2019/12/15 v3.6 Data extraction from label references (HO)
)
(C:\Users\User\AppData\Local\Programs\MiKTeX\tex/generic/gettitlestring\gettitl
estring.sty
Package: gettitlestring 2019/12/15 v1.6 Cleanup title references (HO)
)
\c@section@level=\count302
)
LaTeX Info: Redefining \ref on input line 32.
LaTeX Info: Redefining \pageref on input line 32.
LaTeX Info: Redefining \nameref on input line 32.
\@outlinefile=\write3
\openout3 = `"–ú–∞—Å–ª–µ–Ω–∏–∫–æ–≤ _ –û–ø—Ç–æ—ç–ª–µ–∫—Ç—Ä–æ–Ω–∏–∫–∞ _ –õ–æ–∫–∞–
ª—å–Ω–∞—è –¥–∏–Ω–∞–º–∏–∫–∞ —É—Ä–∞–≤–Ω–µ–Ω–∏—è –≤—Ç–æ—Ä–æ–≥–æ –ø–æ—Ä—è–¥–∫–∞ —Å 
–∑–∞–ø–∞–∑–¥—ã–≤–∞–Ω–∏–µ–º –≤ –ø—Ä–æ–∏–∑–≤–æ–¥–Ω–æ–π.out"'.

\c@lstlisting=\count303
Package caption Info: Begin \AtBeginDocument code.
Package caption Info: End \AtBeginDocument code.

*geometry* driver: auto-detecting
*geometry* detected driver: pdftex
*geometry* verbose mode - [ preamble ] result:
* driver: pdftex
* paper: a4paper
* layout: <same size as paper>
* layoutoffset:(h,v)=(0.0pt,0.0pt)
* modes: 
* h-part:(L,W,R)=(85.35826pt, 469.47049pt, 42.67912pt)
* v-part:(T,H,B)=(56.9055pt, 731.23584pt, 56.9055pt)
* \paperwidth=597.50787pt
* \paperheight=845.04684pt
* \textwidth=469.47049pt
* \textheight=731.23584pt
* \oddsidemargin=13.08827pt
* \evensidemargin=13.08827pt
* \topmargin=-52.36449pt
* \headheight=12.0pt
* \headsep=25.0pt
* \topskip=12.0pt
* \footskip=30.0pt
* \marginparwidth=44.0pt
* \marginparsep=10.0pt
* \columnsep=10.0pt
* \skip\footins=10.8pt plus 4.0pt minus 2.0pt
* \hoffset=0.0pt
* \voffset=0.0pt
* \mag=1000
* \@twocolumnfalse
* \@twosidefalse
* \@mparswitchfalse
* \@reversemarginfalse
* (1in=72.27pt=25.4mm, 1cm=28.453pt)

[1

{C:/Users/User/AppData/Local/MiKTeX/pdftex/config/pdftex.map}]
LaTeX Font Info:    Trying to load font information for U+msa on input line 102
.

(C:\Users\User\AppData\Local\Programs\MiKTeX\tex/latex/amsfonts\umsa.fd
File: umsa.fd 2013/01/14 v3.01 AMS symbols A
)
LaTeX Font Info:    Trying to load font information for U+msb on input line 102
.

(C:\Users\User\AppData\Local\Programs\MiKTeX\tex/latex/amsfonts\umsb.fd
File: umsb.fd 2013/01/14 v3.01 AMS symbols B
)pdfTeX warning (ext4): destination with the same identifier (name{page.1}) has
 been already used, duplicate ignored
<to be read again> 
                   \relax 
l.108 \newpage
               [1]
\tf@toc=\write4
\openout4 = `"–ú–∞—Å–ª–µ–Ω–∏–∫–æ–≤ _ –û–ø—Ç–æ—ç–ª–µ–∫—Ç—Ä–æ–Ω–∏–∫–∞ _ –õ–æ–∫–∞–
ª—å–Ω–∞—è –¥–∏–Ω–∞–º–∏–∫–∞ —É—Ä–∞–≤–Ω–µ–Ω–∏—è –≤—Ç–æ—Ä–æ–≥–æ –ø–æ—Ä—è–¥–∫–∞ —Å 
–∑–∞–ø–∞–∑–¥—ã–≤–∞–Ω–∏–µ–º –≤ –ø—Ä–æ–∏–∑–≤–æ–¥–Ω–æ–π.toc"'.

 [2]

LaTeX Warning: Citation `S1' on page 3 undefined on input line 115.


LaTeX Warning: Reference `f:1' on page 3 undefined on input line 125.


LaTeX Warning: Citation `P1' on page 3 undefined on input line 125.


LaTeX Warning: Reference `f:2' on page 3 undefined on input line 125.


LaTeX Warning: Reference `f:2' on page 3 undefined on input line 132.


LaTeX Warning: Citation `S1' on page 3 undefined on input line 134.

! Missing $ inserted.
<inserted text> 
                $
l.135 
      
? 
[3]

LaTeX Warning: Citation `M1' on page 4 undefined on input line 142.


LaTeX Warning: Reference `f:2' on page 4 undefined on input line 142.


LaTeX Warning: Reference `f:3' on page 4 undefined on input line 151.


LaTeX Warning: Reference `f:3' on page 4 undefined on input line 151.


LaTeX Warning: Reference `f:3' on page 4 undefined on input line 156.


LaTeX Warning: Reference `f:3' on page 4 undefined on input line 156.


LaTeX Warning: Reference `f:4' on page 4 undefined on input line 164.


LaTeX Warning: Reference `f:5' on page 4 undefined on input line 196.

[4]

LaTeX Warning: Reference `f:3' on page 5 undefined on input line 198.


LaTeX Warning: Reference `f:z6' on page 5 undefined on input line 206.


LaTeX Warning: Reference `f:3' on page 5 undefined on input line 215.


LaTeX Warning: Reference `f:3' on page 5 undefined on input line 241.


LaTeX Warning: Command \cyri invalid in math mode on input line 256.

Missing character: There is no Ë in font cmr12!

LaTeX Warning: Reference `f:3' on page 5 undefined on input line 259.

[5]

LaTeX Warning: Command \cyro invalid in math mode on input line 262.


LaTeX Warning: Command \cyrg invalid in math mode on input line 262.


LaTeX Warning: Command \cyrd invalid in math mode on input line 262.


LaTeX Warning: Command \cyre invalid in math mode on input line 262.

Missing character: There is no Ó in font cmr12!
Missing character: There is no „ in font cmr12!
Missing character: There is no ‰ in font cmr12!
Missing character: There is no Â in font cmr12!

LaTeX Warning: Reference `f:3' on page 6 undefined on input line 265.


LaTeX Warning: Command \cyro invalid in math mode on input line 268.

Missing character: There is no Ó in font cmr12!

LaTeX Warning: Command \cyro invalid in math mode on input line 271.

Missing character: There is no Ó in font cmr8!

LaTeX Warning: Command \cyro invalid in math mode on input line 278.

Missing character: There is no Ó in font cmr12!

LaTeX Warning: Command \cyro invalid in math mode on input line 280.

Missing character: There is no Ó in font cmr12!

LaTeX Warning: Reference `f:3' on page 6 undefined on input line 319.

[6]

LaTeX Warning: Reference `f:3' on page 7 undefined on input line 333.

<+1.png, id=61, 462.528pt x 346.896pt>
File: +1.png Graphic file (type png)
<use +1.png>
Package pdftex.def Info: +1.png  used on input line 336.
(pdftex.def)             Requested size: 231.26343pt x 173.44757pt.

LaTeX Warning: Reference `f:3' on page 7 undefined on input line 342.


LaTeX Warning: Reference `f:3' on page 7 undefined on input line 358.

<-1.png, id=63, 462.528pt x 346.896pt>
File: -1.png Graphic file (type png)
<use -1.png>
Package pdftex.def Info: -1.png  used on input line 361.
(pdftex.def)             Requested size: 231.26343pt x 173.44757pt.

LaTeX Warning: `!h' float specifier changed to `!ht'.


LaTeX Warning: Reference `f:2' on page 7 undefined on input line 368.

[7 <D:/obschaia/–ü–µ—Ä–µ–¥–µ–ª–∞–Ω–Ω–∞—è —Å—Ç–∞—Ç—å—è –Ω–∞ –∞–Ω–≥–ª–∏–π—Å–∫–∏–π
/1 –∏—Ç–µ—Ä–∞—Ü–∏—è/+1.png>]

LaTeX Warning: Reference `f:2' on page 8 undefined on input line 374.


LaTeX Warning: Reference `f:2' on page 8 undefined on input line 374.


Package hyperref Warning: Token not allowed in a PDF string (Unicode):
(hyperref)                removing `math shift' on input line 382.


Package hyperref Warning: Token not allowed in a PDF string (Unicode):
(hyperref)                removing `\beta' on input line 382.


Package hyperref Warning: Token not allowed in a PDF string (Unicode):
(hyperref)                removing `subscript' on input line 382.


Package hyperref Warning: Token not allowed in a PDF string (Unicode):
(hyperref)                removing `\varepsilon' on input line 382.


Package hyperref Warning: Token not allowed in a PDF string (Unicode):
(hyperref)                removing `superscript' on input line 382.


Package hyperref Warning: Token not allowed in a PDF string (Unicode):
(hyperref)                removing `\beta' on input line 382.


Package hyperref Warning: Token not allowed in a PDF string (Unicode):
(hyperref)                removing `math shift' on input line 382.


LaTeX Warning: Reference `f:9' on page 8 undefined on input line 384.


LaTeX Warning: Reference `f:3' on page 8 undefined on input line 404.


LaTeX Warning: Reference `f:10' on page 8 undefined on input line 406.


LaTeX Warning: Reference `f:9' on page 8 undefined on input line 406.

[8 <D:/obschaia/–ü–µ—Ä–µ–¥–µ–ª–∞–Ω–Ω–∞—è —Å—Ç–∞—Ç—å—è –Ω–∞ –∞–Ω–≥–ª–∏–π—Å–∫–∏–π
/1 –∏—Ç–µ—Ä–∞—Ü–∏—è/-1.png>]

LaTeX Warning: Reference `f:f22' on page 9 undefined on input line 426.

[9]

LaTeX Warning: Reference `f:f23' on page 10 undefined on input line 467.


LaTeX Warning: Reference `f:f24' on page 10 undefined on input line 478.


LaTeX Warning: Reference `f:f24' on page 10 undefined on input line 486.


LaTeX Warning: Reference `f:f25' on page 10 undefined on input line 494.


LaTeX Warning: Citation `M2' on page 10 undefined on input line 505.


LaTeX Warning: Citation `M3' on page 10 undefined on input line 505.


LaTeX Warning: Reference `f:9' on page 10 undefined on input line 505.


LaTeX Warning: Reference `f:11' on page 10 undefined on input line 505.


LaTeX Warning: Citation `M2' on page 10 undefined on input line 525.


LaTeX Warning: Citation `M3' on page 10 undefined on input line 525.

[10]

LaTeX Warning: Reference `f:11' on page 11 undefined on input line 527.


LaTeX Warning: Reference `f:12' on page 11 undefined on input line 527.


LaTeX Warning: Reference `f:9' on page 11 undefined on input line 533.


LaTeX Warning: Reference `f:11' on page 11 undefined on input line 535.


LaTeX Warning: Reference `f:12' on page 11 undefined on input line 535.


LaTeX Warning: Reference `f:9' on page 11 undefined on input line 535.


Package hyperref Warning: Token not allowed in a PDF string (Unicode):
(hyperref)                removing `math shift' on input line 546.


Package hyperref Warning: Token not allowed in a PDF string (Unicode):
(hyperref)                removing `\beta' on input line 546.


Package hyperref Warning: Token not allowed in a PDF string (Unicode):
(hyperref)                removing `subscript' on input line 546.


Package hyperref Warning: Token not allowed in a PDF string (Unicode):
(hyperref)                removing `\varepsilon' on input line 546.


Package hyperref Warning: Token not allowed in a PDF string (Unicode):
(hyperref)                removing `superscript' on input line 546.


Package hyperref Warning: Token not allowed in a PDF string (Unicode):
(hyperref)                removing `\beta' on input line 546.


Package hyperref Warning: Token not allowed in a PDF string (Unicode):
(hyperref)                removing `math shift' on input line 546.


LaTeX Warning: Reference `f:2' on page 11 undefined on input line 548.


LaTeX Warning: Reference `f:2' on page 11 undefined on input line 548.


LaTeX Warning: Reference `f:19' on page 11 undefined on input line 548.


LaTeX Warning: Reference `f:3' on page 11 undefined on input line 568.


LaTeX Warning: Reference `f:20' on page 11 undefined on input line 580.


LaTeX Warning: Reference `f:19' on page 11 undefined on input line 580.

[11]

LaTeX Warning: Reference `f:y22' on page 12 undefined on input line 631.


LaTeX Warning: Reference `f:19' on page 12 undefined on input line 647.


LaTeX Warning: Reference `f:21' on page 12 undefined on input line 647.


LaTeX Warning: Reference `f:22' on page 12 undefined on input line 647.


LaTeX Warning: Reference `f:21' on page 12 undefined on input line 669.


LaTeX Warning: Reference `f:22' on page 12 undefined on input line 669.

[12]

LaTeX Warning: Reference `f:19' on page 13 undefined on input line 675.


LaTeX Warning: Reference `f:y22' on page 13 undefined on input line 677.

[13]

LaTeX Warning: Reference `f:9' on page 14 undefined on input line 700.


LaTeX Warning: Reference `f:9' on page 14 undefined on input line 702.


LaTeX Warning: Reference `f:9' on page 14 undefined on input line 706.


LaTeX Warning: Reference `f:23' on page 14 undefined on input line 711.


LaTeX Warning: Reference `f:23' on page 14 undefined on input line 713.

<min1beta=1_00125eps=0_01_4990-5000.png, id=115, 462.528pt x 346.896pt>
File: min1beta=1_00125eps=0_01_4990-5000.png Graphic file (type png)
<use min1beta=1_00125eps=0_01_4990-5000.png>
Package pdftex.def Info: min1beta=1_00125eps=0_01_4990-5000.png  used on input 
line 717.
(pdftex.def)             Requested size: 185.0079pt x 138.75594pt.
<min1beta=1_0025eps=0_01_4990-5000.png, id=116, 462.528pt x 346.896pt>
File: min1beta=1_0025eps=0_01_4990-5000.png Graphic file (type png)
<use min1beta=1_0025eps=0_01_4990-5000.png>
Package pdftex.def Info: min1beta=1_0025eps=0_01_4990-5000.png  used on input l
ine 720.
(pdftex.def)             Requested size: 185.0079pt x 138.75594pt.
<min1beta=1_005eps=0_01_4990-5000.png, id=117, 462.528pt x 346.896pt>
File: min1beta=1_005eps=0_01_4990-5000.png Graphic file (type png)
<use min1beta=1_005eps=0_01_4990-5000.png>
Package pdftex.def Info: min1beta=1_005eps=0_01_4990-5000.png  used on input li
ne 723.
(pdftex.def)             Requested size: 185.0079pt x 138.75594pt.
<min1beta=1_01eps=0_01_4990-5000.png, id=118, 462.528pt x 346.896pt>
File: min1beta=1_01eps=0_01_4990-5000.png Graphic file (type png)
<use min1beta=1_01eps=0_01_4990-5000.png>
Package pdftex.def Info: min1beta=1_01eps=0_01_4990-5000.png  used on input lin
e 726.
(pdftex.def)             Requested size: 185.0079pt x 138.75594pt.

Underfull \hbox (badness 2173) in paragraph at lines 716--728
[]$[]$ $[]$
 []


LaTeX Warning: Reference `f:23' on page 14 undefined on input line 728.


LaTeX Warning: Reference `f:23' on page 14 undefined on input line 728.

<plus1beta=1_00125eps=0_01_4990-5000.png, id=119, 462.528pt x 346.896pt>
File: plus1beta=1_00125eps=0_01_4990-5000.png Graphic file (type png)
<use plus1beta=1_00125eps=0_01_4990-5000.png>
Package pdftex.def Info: plus1beta=1_00125eps=0_01_4990-5000.png  used on input
 line 736.
(pdftex.def)             Requested size: 185.0079pt x 138.75594pt.
<plus1beta=1_0025eps=0_01_4990-5000.png, id=120, 462.528pt x 346.896pt>
File: plus1beta=1_0025eps=0_01_4990-5000.png Graphic file (type png)
<use plus1beta=1_0025eps=0_01_4990-5000.png>
Package pdftex.def Info: plus1beta=1_0025eps=0_01_4990-5000.png  used on input 
line 739.
(pdftex.def)             Requested size: 185.0079pt x 138.75594pt.
<plus1beta=1_005eps=0_01_4990-5000.png, id=121, 462.528pt x 346.896pt>
File: plus1beta=1_005eps=0_01_4990-5000.png Graphic file (type png)
<use plus1beta=1_005eps=0_01_4990-5000.png>
Package pdftex.def Info: plus1beta=1_005eps=0_01_4990-5000.png  used on input l
ine 742.
(pdftex.def)             Requested size: 185.0079pt x 138.75594pt.
<plus1beta=1_01eps=0_01_4990-5000.png, id=122, 462.528pt x 346.896pt>
File: plus1beta=1_01eps=0_01_4990-5000.png Graphic file (type png)
<use plus1beta=1_01eps=0_01_4990-5000.png>
Package pdftex.def Info: plus1beta=1_01eps=0_01_4990-5000.png  used on input li
ne 745.
(pdftex.def)             Requested size: 185.0079pt x 138.75594pt.

Underfull \hbox (badness 2173) in paragraph at lines 735--747
[]$[]$ $[]$
 []


LaTeX Warning: Reference `f:23' on page 14 undefined on input line 747.


LaTeX Warning: Reference `f:23' on page 14 undefined on input line 747.


LaTeX Warning: `!h' float specifier changed to `!ht'.

[14 <D:/obschaia/–ü–µ—Ä–µ–¥–µ–ª–∞–Ω–Ω–∞—è —Å—Ç–∞—Ç—å—è –Ω–∞ –∞–Ω–≥–ª–∏–π—Å–∫–∏–
π/1 –∏—Ç–µ—Ä–∞—Ü–∏—è/min1beta=1_00125eps=0_01_4990-5000.png> <D:/obschaia/–ü–µ—
Ä–µ–¥–µ–ª–∞–Ω–Ω–∞—è —Å—Ç–∞—Ç—å—è –Ω–∞ –∞–Ω–≥–ª–∏–π—Å–∫–∏–π/1 –∏—Ç–µ—Ä–∞—Ü–∏—è/m
in1beta=1_0025eps=0_01_4990-5000.png> <D:/obschaia/–ü–µ—Ä–µ–¥–µ–ª–∞–Ω–Ω–∞—è —Å—
Ç–∞—Ç—å—è –Ω–∞ –∞–Ω–≥–ª–∏–π—Å–∫–∏–π/1 –∏—Ç–µ—Ä–∞—Ü–∏—è/min1beta=1_005eps=0_01_4
990-5000.png> <D:/obschaia/–ü–µ—Ä–µ–¥–µ–ª–∞–Ω–Ω–∞—è —Å—Ç–∞—Ç—å—è –Ω–∞ –∞–Ω–≥–ª–
∏–π—Å–∫–∏–π/1 –∏—Ç–µ—Ä–∞—Ü–∏—è/min1beta=1_01eps=0_01_4990-5000.png>]
<plus1beta=1_02eps=0_01_9900-10000.png, id=134, 462.528pt x 346.896pt>
File: plus1beta=1_02eps=0_01_9900-10000.png Graphic file (type png)
<use plus1beta=1_02eps=0_01_9900-10000.png>
Package pdftex.def Info: plus1beta=1_02eps=0_01_9900-10000.png  used on input l
ine 755.
(pdftex.def)             Requested size: 185.0079pt x 138.75594pt.
<plus1beta=1_025eps=0_01_9900-10000.png, id=135, 462.528pt x 346.896pt>
File: plus1beta=1_025eps=0_01_9900-10000.png Graphic file (type png)
<use plus1beta=1_025eps=0_01_9900-10000.png>
Package pdftex.def Info: plus1beta=1_025eps=0_01_9900-10000.png  used on input 
line 758.
(pdftex.def)             Requested size: 185.0079pt x 138.75594pt.
<plus1beta=1_05eps=0_01_9900-10000.png, id=136, 462.528pt x 346.896pt>
File: plus1beta=1_05eps=0_01_9900-10000.png Graphic file (type png)
<use plus1beta=1_05eps=0_01_9900-10000.png>
Package pdftex.def Info: plus1beta=1_05eps=0_01_9900-10000.png  used on input l
ine 761.
(pdftex.def)             Requested size: 185.0079pt x 138.75594pt.
<plus1beta=1_1eps=0_01_9900-10000.png, id=137, 462.528pt x 346.896pt>
File: plus1beta=1_1eps=0_01_9900-10000.png Graphic file (type png)
<use plus1beta=1_1eps=0_01_9900-10000.png>
Package pdftex.def Info: plus1beta=1_1eps=0_01_9900-10000.png  used on input li
ne 764.
(pdftex.def)             Requested size: 185.0079pt x 138.75594pt.

Underfull \hbox (badness 2173) in paragraph at lines 754--766
[]$[]$ $[]$
 []


LaTeX Warning: Reference `f:23' on page 15 undefined on input line 766.


LaTeX Warning: Reference `f:23' on page 15 undefined on input line 766.

[15 <D:/obschaia/–ü–µ—Ä–µ–¥–µ–ª–∞–Ω–Ω–∞—è —Å—Ç–∞—Ç—å—è –Ω–∞ –∞–Ω–≥–ª–∏–π—Å–∫–∏–
π/1 –∏—Ç–µ—Ä–∞—Ü–∏—è/plus1beta=1_00125eps=0_01_4990-5000.png> <D:/obschaia/–ü–µ
—Ä–µ–¥–µ–ª–∞–Ω–Ω–∞—è —Å—Ç–∞—Ç—å—è –Ω–∞ –∞–Ω–≥–ª–∏–π—Å–∫–∏–π/1 –∏—Ç–µ—Ä–∞—Ü–∏—è/
plus1beta=1_0025eps=0_01_4990-5000.png> <D:/obschaia/–ü–µ—Ä–µ–¥–µ–ª–∞–Ω–Ω–∞—è —
Å—Ç–∞—Ç—å—è –Ω–∞ –∞–Ω–≥–ª–∏–π—Å–∫–∏–π/1 –∏—Ç–µ—Ä–∞—Ü–∏—è/plus1beta=1_005eps=0_0
1_4990-5000.png> <D:/obschaia/–ü–µ—Ä–µ–¥–µ–ª–∞–Ω–Ω–∞—è —Å—Ç–∞—Ç—å—è –Ω–∞ –∞–Ω–≥
–ª–∏–π—Å–∫–∏–π/1 –∏—Ç–µ—Ä–∞—Ü–∏—è/plus1beta=1_01eps=0_01_4990-5000.png> <D:/obs
chaia/–ü–µ—Ä–µ–¥–µ–ª–∞–Ω–Ω–∞—è —Å—Ç–∞—Ç—å—è –Ω–∞ –∞–Ω–≥–ª–∏–π—Å–∫–∏–π/1 –∏—Ç–µ—
Ä–∞—Ü–∏—è/plus1beta=1_02eps=0_01_9900-10000.png> <D:/obschaia/–ü–µ—Ä–µ–¥–µ–ª–∞–
Ω–Ω–∞—è —Å—Ç–∞—Ç—å—è –Ω–∞ –∞–Ω–≥–ª–∏–π—Å–∫–∏–π/1 –∏—Ç–µ—Ä–∞—Ü–∏—è/plus1beta=1_0
25eps=0_01_9900-10000.png> <D:/obschaia/–ü–µ—Ä–µ–¥–µ–ª–∞–Ω–Ω–∞—è —Å—Ç–∞—Ç—å—è –
Ω–∞ –∞–Ω–≥–ª–∏–π—Å–∫–∏–π/1 –∏—Ç–µ—Ä–∞—Ü–∏—è/plus1beta=1_05eps=0_01_9900-10000.p
ng> <D:/obschaia/–ü–µ—Ä–µ–¥–µ–ª–∞–Ω–Ω–∞—è —Å—Ç–∞—Ç—å—è –Ω–∞ –∞–Ω–≥–ª–∏–π—Å–∫–∏–
π/1 –∏—Ç–µ—Ä–∞—Ü–∏—è/plus1beta=1_1eps=0_01_9900-10000.png>]

LaTeX Warning: Reference `f:9' on page 16 undefined on input line 778.

[16]
Overfull \hbox (5.78835pt too wide) in paragraph at lines 810--811
[]\T2A/cmr/m/n/12 √Ë„Ó¸Â‚‡ ≈.¬.,  ‡-˘ÂÌ-ÍÓ —.¿..ÕÓÏ‡ÎËÁÓ‚‡ÌÌ˚Â Í‡-Â-‚˚Â Á‡-
‰‡-˜Ë ‚ ÏÓ-‰Â-ÎË ÓÔÚËÍÓ-
 []


Package caption Warning: Unused \captionsetup[lstlisting] on input line 18.
See the caption package documentation for explanation.

[17]
(–ú–∞—Å–ª–µ–Ω–∏–∫–æ–≤ _ –û–ø—Ç–æ—ç–ª–µ–∫—Ç—Ä–æ–Ω–∏–∫–∞ _ –õ–æ–∫–∞–ª—å–Ω–∞—è –¥–
∏–Ω–∞–º–∏–∫–∞ —É—Ä–∞–≤–Ω–µ–Ω–∏—è –≤—Ç–æ—Ä–æ–≥–æ –ø–æ—Ä—è–¥–∫–∞ —Å –∑–∞–ø–∞–∑–¥—
ã–≤–∞–Ω–∏–µ–º –≤ –ø—Ä–æ–∏–∑–≤–æ–¥–Ω–æ–π.aux)

LaTeX Warning: There were undefined references.


LaTeX Warning: Label(s) may have changed. Rerun to get cross-references right.


Package rerunfilecheck Warning: File `"–ú–∞—Å–ª–µ–Ω–∏–∫–æ–≤ _ –û–ø—Ç–æ—ç–ª–µ–∫—
Ç—Ä–æ–Ω–∏–∫–∞ _ –õ–æ–∫–∞–ª—å–Ω–∞—è –¥–∏–Ω–∞–º–∏–∫–∞ —É—Ä–∞–≤–Ω–µ–Ω–∏—è –≤—Ç–æ—Ä
–æ–≥–æ –ø–æ—Ä—è–¥–∫–∞ —Å –∑–∞–ø–∞–∑–¥—ã–≤–∞–Ω–∏–µ–º –≤ –ø—Ä–æ–∏–∑–≤–æ–¥–Ω–æ–π".
out' has changed.
(rerunfilecheck)                Rerun to get outlines right
(rerunfilecheck)                or use package `bookmark'.

Package rerunfilecheck Info: Checksums for `"–ú–∞—Å–ª–µ–Ω–∏–∫–æ–≤ _ –û–ø—Ç–æ—ç–
ª–µ–∫—Ç—Ä–æ–Ω–∏–∫–∞ _ –õ–æ–∫–∞–ª—å–Ω–∞—è –¥–∏–Ω–∞–º–∏–∫–∞ —É—Ä–∞–≤–Ω–µ–Ω–∏—è –≤
—Ç–æ—Ä–æ–≥–æ –ø–æ—Ä—è–¥–∫–∞ —Å –∑–∞–ø–∞–∑–¥—ã–≤–∞–Ω–∏–µ–º –≤ –ø—Ä–æ–∏–∑–≤–æ–¥–Ω
–æ–π".out':
(rerunfilecheck)             Before: <no file>
(rerunfilecheck)             After:  5838AD7318783281ACD95634502A4FFD;2128.
 ) 
Here is how much of TeX's memory you used:
 14399 strings out of 478927
 220963 string characters out of 2853010
 540799 words of memory out of 3000000
 31984 multiletter control sequences out of 15000+600000
 425174 words of font info for 85 fonts, out of 8000000 for 9000
 1141 hyphenation exceptions out of 8191
 60i,11n,66p,2052b,380s stack positions out of 5000i,500n,10000p,200000b,80000s
 <C:\Users\User\AppData\Local\MiKTeX\fonts/pk/ljfour/lh/lh-t2a/dpi600\lati120
0.pk> <C:\Users\User\AppData\Local\MiKTeX\fonts/pk/ljfour/lh/lh-t2a/dpi600\lasl
1200.pk> <C:\Users\User\AppData\Local\MiKTeX\fonts/pk/ljfour/lh/lh-t2a/dpi600\l
abx1200.pk> <C:\Users\User\AppData\Local\MiKTeX\fonts/pk/ljfour/lh/lh-t2a/dpi60
0\larm1200.pk> <C:\Users\User\AppData\Local\MiKTeX\fonts/pk/ljfour/lh/lh-t2a/dp
i600\labx1728.pk> <C:\Users\User\AppData\Local\MiKTeX\fonts/pk/ljfour/lh/lh-t2a
/dpi600\labx1440.pk> <C:\Users\User\AppData\Local\MiKTeX\fonts/pk/ljfour/lh/lh-
t2a/dpi600\larm1440.pk><C:/Users/User/AppData/Local/Programs/MiKTeX/fonts/type1
/public/amsfonts/cm/cmex10.pfb><C:/Users/User/AppData/Local/Programs/MiKTeX/fon
ts/type1/public/amsfonts/cm/cmmi12.pfb><C:/Users/User/AppData/Local/Programs/Mi
KTeX/fonts/type1/public/amsfonts/cm/cmmi6.pfb><C:/Users/User/AppData/Local/Prog
rams/MiKTeX/fonts/type1/public/amsfonts/cm/cmmi8.pfb><C:/Users/User/AppData/Loc
al/Programs/MiKTeX/fonts/type1/public/amsfonts/cm/cmr10.pfb><C:/Users/User/AppD
ata/Local/Programs/MiKTeX/fonts/type1/public/amsfonts/cm/cmr12.pfb><C:/Users/Us
er/AppData/Local/Programs/MiKTeX/fonts/type1/public/amsfonts/cm/cmr6.pfb><C:/Us
ers/User/AppData/Local/Programs/MiKTeX/fonts/type1/public/amsfonts/cm/cmr8.pfb>
<C:/Users/User/AppData/Local/Programs/MiKTeX/fonts/type1/public/amsfonts/cm/cms
y10.pfb><C:/Users/User/AppData/Local/Programs/MiKTeX/fonts/type1/public/amsfont
s/cm/cmsy8.pfb><C:/Users/User/AppData/Local/Programs/MiKTeX/fonts/type1/public/
amsfonts/symbols/msbm10.pfb>
Output written on "–ú–∞—Å–ª–µ–Ω–∏–∫–æ–≤ _ –û–ø—Ç–æ—ç–ª–µ–∫—Ç—Ä–æ–Ω–∏–∫–∞ _ –õ–æ
–∫–∞–ª—å–Ω–∞—è –¥–∏–Ω–∞–º–∏–∫–∞ —É—Ä–∞–≤–Ω–µ–Ω–∏—è –≤—Ç–æ—Ä–æ–≥–æ –ø–æ—Ä—è–¥–∫–
∞ —Å –∑–∞–ø–∞–∑–¥—ã–≤–∞–Ω–∏–µ–º –≤ –ø—Ä–æ–∏–∑–≤–æ–¥–Ω–æ–π.pdf" (18 pages, 60073
2 bytes).
PDF statistics:
 609 PDF objects out of 1000 (max. 8388607)
 68 named destinations out of 1000 (max. 500000)
 71 words of extra memory for PDF output out of 10000 (max. 10000000)

